<?xml version="1.0" encoding="UTF-8"?>
<!-- Generated by org.testng.reporters.JUnitXMLReporter -->
<testsuite ignored="0" hostname="bhavna" failures="0" tests="3" name="Default test" time="44.004" errors="0" timestamp="2023-09-23T09:34:49 IST">
  <testcase classname="TestNgAllMethods.DataProviderDemo" name="TestCaseGoogleSearch" time="25.596"/>
  <testcase classname="TestNgAllMethods.DataProviderDemo" name="TestCaseGoogleSearch" time="8.171"/>
  <testcase classname="TestNgAllMethods.DataProviderDemo" name="TestCaseGoogleSearch" time="10.193"/>
</testsuite> <!-- Default test -->
