<?xml version="1.0" encoding="UTF-8"?>
<testng-results ignored="0" total="3" passed="3" failed="0" skipped="0">
  <reporter-output>
  </reporter-output>
  <suite started-at="2023-09-23T09:34:05 IST" name="Default suite" finished-at="2023-09-23T09:34:49 IST" duration-ms="44004">
    <groups>
    </groups>
    <test started-at="2023-09-23T09:34:05 IST" name="Default test" finished-at="2023-09-23T09:34:49 IST" duration-ms="44004">
      <class name="TestNgAllMethods.DataProviderDemo">
        <test-method signature="TestCaseGoogleSearch(java.lang.String,java.lang.String)[pri:0, instance:TestNgAllMethods.DataProviderDemo@3590fc5b]" started-at="2023-09-23T09:34:05 IST" name="TestCaseGoogleSearch" data-provider="SearchDataSet" finished-at="2023-09-23T09:34:31 IST" duration-ms="25596" status="PASS">
          <params>
            <param index="0">
              <value>
                <![CDATA[India]]>
              </value>
            </param>
            <param index="1">
              <value>
                <![CDATA[Qutub Minar]]>
              </value>
            </param>
          </params>
          <reporter-output>
          </reporter-output>
        </test-method> <!-- TestCaseGoogleSearch -->
        <test-method signature="TestCaseGoogleSearch(java.lang.String,java.lang.String)[pri:0, instance:TestNgAllMethods.DataProviderDemo@3590fc5b]" started-at="2023-09-23T09:34:31 IST" name="TestCaseGoogleSearch" data-provider="SearchDataSet" finished-at="2023-09-23T09:34:39 IST" duration-ms="8171" status="PASS">
          <params>
            <param index="0">
              <value>
                <![CDATA[Agra]]>
              </value>
            </param>
            <param index="1">
              <value>
                <![CDATA[Taj Mahal]]>
              </value>
            </param>
          </params>
          <reporter-output>
          </reporter-output>
        </test-method> <!-- TestCaseGoogleSearch -->
        <test-method signature="TestCaseGoogleSearch(java.lang.String,java.lang.String)[pri:0, instance:TestNgAllMethods.DataProviderDemo@3590fc5b]" started-at="2023-09-23T09:34:39 IST" name="TestCaseGoogleSearch" data-provider="SearchDataSet" finished-at="2023-09-23T09:34:49 IST" duration-ms="10193" status="PASS">
          <params>
            <param index="0">
              <value>
                <![CDATA[Hyderbad]]>
              </value>
            </param>
            <param index="1">
              <value>
                <![CDATA[Charminar]]>
              </value>
            </param>
          </params>
          <reporter-output>
          </reporter-output>
        </test-method> <!-- TestCaseGoogleSearch -->
      </class> <!-- TestNgAllMethods.DataProviderDemo -->
    </test> <!-- Default test -->
  </suite> <!-- Default suite -->
</testng-results>
